# JRE version: Java(TM) SE Runtime Environment (8.0_144-b01) (build 1.8.0_144-b01)
# Java VM: Java HotSpot(TM) 64-Bit Server VM (25.144-b01 mixed mode windows-amd64 compressed oops)
Heap:
 PSYoungGen      total 154112K, used 118580K [0x00000000eab00000, 0x00000000f6380000, 0x0000000100000000)
  eden space 144896K, 75% used [0x00000000eab00000,0x00000000f15d9c90,0x00000000f3880000)
  from space 9216K, 99% used [0x00000000f5a80000,0x00000000f6373570,0x00000000f6380000)
  to   space 12800K, 0% used [0x00000000f4a80000,0x00000000f4a80000,0x00000000f5700000)
 ParOldGen       total 87552K, used 19100K [0x00000000c0000000, 0x00000000c5580000, 0x00000000eab00000)
  object space 87552K, 21% used [0x00000000c0000000,0x00000000c12a70c8,0x00000000c5580000)
 Metaspace       used 42887K, capacity 43708K, committed 44032K, reserved 1087488K
  class space    used 5796K, capacity 6018K, committed 6144K, reserved 1048576K
GC Heap History (10 events):
Event: 18.631 GC heap before
{Heap before GC invocations=6 (full 1):
 PSYoungGen      total 68608K, used 63488K [0x00000000eab00000, 0x00000000ef300000, 0x0000000100000000)
  eden space 63488K, 100% used [0x00000000eab00000,0x00000000ee900000,0x00000000ee900000)
  from space 5120K, 0% used [0x00000000eee00000,0x00000000eee00000,0x00000000ef300000)
  to   space 5120K, 0% used [0x00000000ee900000,0x00000000ee900000,0x00000000eee00000)
 ParOldGen       total 55296K, used 9102K [0x00000000c0000000, 0x00000000c3600000, 0x00000000eab00000)
  object space 55296K, 16% used [0x00000000c0000000,0x00000000c08e3850,0x00000000c3600000)
 Metaspace       used 26006K, capacity 26474K, committed 26624K, reserved 1073152K
  class space    used 3648K, capacity 3791K, committed 3840K, reserved 1048576K
Event: 18.639 GC heap after
Heap after GC invocations=6 (full 1):
 PSYoungGen      total 68608K, used 5109K [0x00000000eab00000, 0x00000000f2780000, 0x0000000100000000)
  eden space 63488K, 0% used [0x00000000eab00000,0x00000000eab00000,0x00000000ee900000)
  from space 5120K, 99% used [0x00000000ee900000,0x00000000eedfd538,0x00000000eee00000)
  to   space 10752K, 0% used [0x00000000f1d00000,0x00000000f1d00000,0x00000000f2780000)
 ParOldGen       total 55296K, used 10989K [0x00000000c0000000, 0x00000000c3600000, 0x00000000eab00000)
  object space 55296K, 19% used [0x00000000c0000000,0x00000000c0abb580,0x00000000c3600000)
 Metaspace       used 26006K, capacity 26474K, committed 26624K, reserved 1073152K
  class space    used 3648K, capacity 3791K, committed 3840K, reserved 1048576K
}
Event: 23.012 GC heap before
{Heap before GC invocations=7 (full 1):
 PSYoungGen      total 68608K, used 68578K [0x00000000eab00000, 0x00000000f2780000, 0x0000000100000000)
  eden space 63488K, 99% used [0x00000000eab00000,0x00000000ee8fb5e0,0x00000000ee900000)
  from space 5120K, 99% used [0x00000000ee900000,0x00000000eedfd538,0x00000000eee00000)
  to   space 10752K, 0% used [0x00000000f1d00000,0x00000000f1d00000,0x00000000f2780000)
 ParOldGen       total 55296K, used 10989K [0x00000000c0000000, 0x00000000c3600000, 0x00000000eab00000)
  object space 55296K, 19% used [0x00000000c0000000,0x00000000c0abb580,0x00000000c3600000)
 Metaspace       used 29587K, capacity 30110K, committed 30464K, reserved 1075200K
  class space    used 4079K, capacity 4234K, committed 4352K, reserved 1048576K
Event: 23.030 GC heap after
Heap after GC invocations=7 (full 1):
 PSYoungGen      total 110592K, used 7493K [0x00000000eab00000, 0x00000000f2480000, 0x0000000100000000)
  eden space 102912K, 0% used [0x00000000eab00000,0x00000000eab00000,0x00000000f0f80000)
  from space 7680K, 97% used [0x00000000f1d00000,0x00000000f2451508,0x00000000f2480000)
  to   space 10240K, 0% used [0x00000000f1080000,0x00000000f1080000,0x00000000f1a80000)
 ParOldGen       total 55296K, used 11061K [0x00000000c0000000, 0x00000000c3600000, 0x00000000eab00000)
  object space 55296K, 20% used [0x00000000c0000000,0x00000000c0acd590,0x00000000c3600000)
 Metaspace       used 29587K, capacity 30110K, committed 30464K, reserved 1075200K
  class space    used 4079K, capacity 4234K, committed 4352K, reserved 1048576K
}
Event: 24.405 GC heap before
{Heap before GC invocations=8 (full 1):
 PSYoungGen      total 110592K, used 82447K [0x00000000eab00000, 0x00000000f2480000, 0x0000000100000000)
  eden space 102912K, 72% used [0x00000000eab00000,0x00000000ef432748,0x00000000f0f80000)
  from space 7680K, 97% used [0x00000000f1d00000,0x00000000f2451508,0x00000000f2480000)
  to   space 10240K, 0% used [0x00000000f1080000,0x00000000f1080000,0x00000000f1a80000)
 ParOldGen       total 55296K, used 11061K [0x00000000c0000000, 0x00000000c3600000, 0x00000000eab00000)
  object space 55296K, 20% used [0x00000000c0000000,0x00000000c0acd590,0x00000000c3600000)
 Metaspace       used 34605K, capacity 35192K, committed 35496K, reserved 1079296K
  class space    used 4712K, capacity 4835K, committed 4864K, reserved 1048576K
Event: 24.420 GC heap after
Heap after GC invocations=8 (full 1):
 PSYoungGen      total 114176K, used 10230K [0x00000000eab00000, 0x00000000f6700000, 0x0000000100000000)
  eden space 103936K, 0% used [0x00000000eab00000,0x00000000eab00000,0x00000000f1080000)
  from space 10240K, 99% used [0x00000000f1080000,0x00000000f1a7d9a0,0x00000000f1a80000)
  to   space 12800K, 0% used [0x00000000f5a80000,0x00000000f5a80000,0x00000000f6700000)
 ParOldGen       total 55296K, used 13130K [0x00000000c0000000, 0x00000000c3600000, 0x00000000eab00000)
  object space 55296K, 23% used [0x00000000c0000000,0x00000000c0cd2b20,0x00000000c3600000)
 Metaspace       used 34605K, capacity 35192K, committed 35496K, reserved 1079296K
  class space    used 4712K, capacity 4835K, committed 4864K, reserved 1048576K
}
Event: 24.420 GC heap before
{Heap before GC invocations=9 (full 2):
 PSYoungGen      total 114176K, used 10230K [0x00000000eab00000, 0x00000000f6700000, 0x0000000100000000)
  eden space 103936K, 0% used [0x00000000eab00000,0x00000000eab00000,0x00000000f1080000)
  from space 10240K, 99% used [0x00000000f1080000,0x00000000f1a7d9a0,0x00000000f1a80000)
  to   space 12800K, 0% used [0x00000000f5a80000,0x00000000f5a80000,0x00000000f6700000)
 ParOldGen       total 55296K, used 13130K [0x00000000c0000000, 0x00000000c3600000, 0x00000000eab00000)
  object space 55296K, 23% used [0x00000000c0000000,0x00000000c0cd2b20,0x00000000c3600000)
 Metaspace       used 34605K, capacity 35192K, committed 35496K, reserved 1079296K
  class space    used 4712K, capacity 4835K, committed 4864K, reserved 1048576K
Event: 24.600 GC heap after
Heap after GC invocations=9 (full 2):
 PSYoungGen      total 114176K, used 0K [0x00000000eab00000, 0x00000000f6700000, 0x0000000100000000)
  eden space 103936K, 0% used [0x00000000eab00000,0x00000000eab00000,0x00000000f1080000)
  from space 10240K, 0% used [0x00000000f1080000,0x00000000f1080000,0x00000000f1a80000)
  to   space 12800K, 0% used [0x00000000f5a80000,0x00000000f5a80000,0x00000000f6700000)
 ParOldGen       total 87552K, used 19092K [0x00000000c0000000, 0x00000000c5580000, 0x00000000eab00000)
  object space 87552K, 21% used [0x00000000c0000000,0x00000000c12a50c8,0x00000000c5580000)
 Metaspace       used 34605K, capacity 35192K, committed 35496K, reserved 1079296K
  class space    used 4712K, capacity 4835K, committed 4864K, reserved 1048576K
}
Event: 28.345 GC heap before
{Heap before GC invocations=10 (full 2):
 PSYoungGen      total 114176K, used 103936K [0x00000000eab00000, 0x00000000f6700000, 0x0000000100000000)
  eden space 103936K, 100% used [0x00000000eab00000,0x00000000f1080000,0x00000000f1080000)
  from space 10240K, 0% used [0x00000000f1080000,0x00000000f1080000,0x00000000f1a80000)
  to   space 12800K, 0% used [0x00000000f5a80000,0x00000000f5a80000,0x00000000f6700000)
 ParOldGen       total 87552K, used 19092K [0x00000000c0000000, 0x00000000c5580000, 0x00000000eab00000)
  object space 87552K, 21% used [0x00000000c0000000,0x00000000c12a50c8,0x00000000c5580000)
 Metaspace       used 41185K, capacity 41876K, committed 42240K, reserved 1085440K
  class space    used 5605K, capacity 5859K, committed 5888K, reserved 1048576K
Event: 28.355 GC heap after
Heap after GC invocations=10 (full 2):
 PSYoungGen      total 154112K, used 9165K [0x00000000eab00000, 0x00000000f6380000, 0x0000000100000000)
  eden space 144896K, 0% used [0x00000000eab00000,0x00000000eab00000,0x00000000f3880000)
  from space 9216K, 99% used [0x00000000f5a80000,0x00000000f6373570,0x00000000f6380000)
  to   space 12800K, 0% used [0x00000000f4a80000,0x00000000f4a80000,0x00000000f5700000)
 ParOldGen       total 87552K, used 19100K [0x00000000c0000000, 0x00000000c5580000, 0x00000000eab00000)
  object space 87552K, 21% used [0x00000000c0000000,0x00000000c12a70c8,0x00000000c5580000)
 Metaspace       used 41185K, capacity 41876K, committed 42240K, reserved 1085440K
  class space    used 5605K, capacity 5859K, committed 5888K, reserved 1048576K
}

